{
  "stats": {
    "suites": 1,
    "tests": 1,
    "passes": 1,
    "pending": 0,
    "failures": 0,
    "start": "2025-05-13T12:06:55.598Z",
    "end": "2025-05-13T12:06:57.411Z",
    "duration": 1813,
    "testsRegistered": 1,
    "passPercent": 100,
    "pendingPercent": 0,
    "other": 0,
    "hasOther": false,
    "skipped": 0,
    "hasSkipped": false
  },
  "results": [
    {
      "uuid": "db9527dd-af95-4999-83f4-0a368e6e59f2",
      "title": "",
      "fullFile": "cypress\\e2e\\error.cy.js",
      "file": "cypress\\e2e\\error.cy.js",
      "beforeHooks": [],
      "afterHooks": [],
      "tests": [],
      "suites": [
        {
          "uuid": "25e2cc0f-878b-4d51-88d7-28681d0d89f8",
          "title": "the error handling",
          "fullFile": "",
          "file": "",
          "beforeHooks": [],
          "afterHooks": [],
          "tests": [
            {
              "title": "should pass the 500 error",
              "fullTitle": "the error handling should pass the 500 error",
              "timedOut": null,
              "duration": 1795,
              "state": "passed",
              "speed": "fast",
              "pass": true,
              "fail": false,
              "pending": false,
              "context": null,
              "code": "cy.request({\n  url: \"https://httpstat.us/503\",\n  failOnStatusCode: false\n});",
              "err": {},
              "uuid": "46f9380a-58d4-4754-8d91-4228eb38118e",
              "parentUUID": "25e2cc0f-878b-4d51-88d7-28681d0d89f8",
              "isHook": false,
              "skipped": false
            }
          ],
          "suites": [],
          "passes": [
            "46f9380a-58d4-4754-8d91-4228eb38118e"
          ],
          "failures": [],
          "pending": [],
          "skipped": [],
          "duration": 1795,
          "root": false,
          "rootEmpty": false,
          "_timeout": 2000
        }
      ],
      "passes": [],
      "failures": [],
      "pending": [],
      "skipped": [],
      "duration": 0,
      "root": true,
      "rootEmpty": true,
      "_timeout": 2000
    }
  ],
  "meta": {
    "mocha": {
      "version": "7.2.0"
    },
    "mochawesome": {
      "options": {
        "quiet": false,
        "reportFilename": "mochawesome",
        "saveHtml": false,
        "saveJson": true,
        "consoleReporter": "spec",
        "useInlineDiffs": false,
        "code": true
      },
      "version": "7.1.3"
    },
    "marge": {
      "options": {
        "reportDir": "cypress/reports",
        "overwrite": false,
        "html": false,
        "json": true
      },
      "version": "6.2.0"
    }
  }
}