{
  "stats": {
    "suites": 1,
    "tests": 1,
    "passes": 1,
    "pending": 0,
    "failures": 0,
    "start": "2025-05-13T12:07:26.948Z",
    "end": "2025-05-13T12:07:30.049Z",
    "duration": 3101,
    "testsRegistered": 1,
    "passPercent": 100,
    "pendingPercent": 0,
    "other": 0,
    "hasOther": false,
    "skipped": 0,
    "hasSkipped": false
  },
  "results": [
    {
      "uuid": "eb8c18dd-25dc-4278-86ea-ed7e92cdf690",
      "title": "",
      "fullFile": "cypress\\e2e\\spec2.cy.js",
      "file": "cypress\\e2e\\spec2.cy.js",
      "beforeHooks": [],
      "afterHooks": [],
      "tests": [],
      "suites": [
        {
          "uuid": "f982bd4c-5b2d-4126-a483-c392d6153d96",
          "title": "template spec",
          "fullFile": "",
          "file": "",
          "beforeHooks": [],
          "afterHooks": [],
          "tests": [
            {
              "title": "passes",
              "fullTitle": "template spec passes",
              "timedOut": null,
              "duration": 1059,
              "state": "passed",
              "speed": "fast",
              "pass": true,
              "fail": false,
              "pending": false,
              "context": null,
              "code": "cy.visit('https://example.cypress.io');",
              "err": {},
              "uuid": "39e6ff4c-7279-4d0f-bb2d-29fb4dbca7e9",
              "parentUUID": "f982bd4c-5b2d-4126-a483-c392d6153d96",
              "isHook": false,
              "skipped": false
            }
          ],
          "suites": [],
          "passes": [
            "39e6ff4c-7279-4d0f-bb2d-29fb4dbca7e9"
          ],
          "failures": [],
          "pending": [],
          "skipped": [],
          "duration": 1059,
          "root": false,
          "rootEmpty": false,
          "_timeout": 2000
        }
      ],
      "passes": [],
      "failures": [],
      "pending": [],
      "skipped": [],
      "duration": 0,
      "root": true,
      "rootEmpty": true,
      "_timeout": 2000
    }
  ],
  "meta": {
    "mocha": {
      "version": "7.2.0"
    },
    "mochawesome": {
      "options": {
        "quiet": false,
        "reportFilename": "mochawesome",
        "saveHtml": false,
        "saveJson": true,
        "consoleReporter": "spec",
        "useInlineDiffs": false,
        "code": true
      },
      "version": "7.1.3"
    },
    "marge": {
      "options": {
        "reportDir": "cypress/reports",
        "overwrite": false,
        "html": false,
        "json": true
      },
      "version": "6.2.0"
    }
  }
}